0 info it worked if it ends with ok
1 verbose cli [ 'node', '/usr/local/bin/npm', 'run', 'tsc' ]
2 info using npm@2.5.1
3 info using node@v0.12.0
4 verbose run-script [ 'pretsc', 'tsc', 'posttsc' ]
5 info pretsc lbs.cbos.spa.v2@1.0.0
6 info tsc lbs.cbos.spa.v2@1.0.0
7 verbose unsafe-perm in lifecycle true
8 info lbs.cbos.spa.v2@1.0.0 Failed to exec tsc script
9 verbose stack Error: lbs.cbos.spa.v2@1.0.0 tsc: `tsc -p . -w`
9 verbose stack Exit status 1
9 verbose stack     at EventEmitter.<anonymous> (/usr/local/lib/node_modules/npm/lib/utils/lifecycle.js:213:16)
9 verbose stack     at EventEmitter.emit (events.js:110:17)
9 verbose stack     at ChildProcess.<anonymous> (/usr/local/lib/node_modules/npm/lib/utils/spawn.js:14:12)
9 verbose stack     at ChildProcess.emit (events.js:110:17)
9 verbose stack     at maybeClose (child_process.js:1008:16)
9 verbose stack     at Process.ChildProcess._handle.onexit (child_process.js:1080:5)
10 verbose pkgid lbs.cbos.spa.v2@1.0.0
11 verbose cwd /Users/leo/dev/bitbucket/lbs/lbs.cbos.spa
12 error Darwin 14.1.0
13 error argv "node" "/usr/local/bin/npm" "run" "tsc"
14 error node v0.12.0
15 error npm  v2.5.1
16 error code ELIFECYCLE
17 error lbs.cbos.spa.v2@1.0.0 tsc: `tsc -p . -w`
17 error Exit status 1
18 error Failed at the lbs.cbos.spa.v2@1.0.0 tsc script 'tsc -p . -w'.
18 error This is most likely a problem with the lbs.cbos.spa.v2 package,
18 error not with npm itself.
18 error Tell the author that this fails on your system:
18 error     tsc -p . -w
18 error You can get their info via:
18 error     npm owner ls lbs.cbos.spa.v2
18 error There is likely additional logging output above.
19 verbose exit [ 1, true ]
